<?xml version="1.0" encoding="UTF-8"?>
<testsuite name="org.example.MainTest" tests="1" skipped="0" failures="0" errors="0" timestamp="2023-11-01T09:37:27" hostname="Is-MacBook-Pro.local" time="0.006">
  <properties/>
  <testcase name="name()" classname="org.example.MainTest" time="0.006"/>
  <system-out><![CDATA[]]></system-out>
  <system-err><![CDATA[]]></system-err>
</testsuite>
